#
# A fatal error has been detected by the Java Runtime Environment:
#
#  SIGSEGV (0xb) at pc=0x000000011b8a3561, pid=29740, tid=2571
#
# JRE version: Java(TM) SE Runtime Environment (8.0_51-b16) (build 1.8.0_51-b16)
# Java VM: Java HotSpot(TM) 64-Bit Server VM (25.51-b03 mixed mode bsd-amd64 compressed oops)
# Problematic frame:
# C  [libglass.dylib+0x15561]  GlassScreenDidChangeScreenParameters+0x21
#
# Failed to write core dump. Core dumps have been disabled. To enable core dumping, try "ulimit -c unlimited" before starting Java again
#
# If you would like to submit a bug report, please visit:
#   http://bugreport.java.com/bugreport/crash.jsp
#

---------------  T H R E A D  ---------------

Current thread is native thread

siginfo: si_signo: 11 (SIGSEGV), si_code: 1 (SEGV_MAPERR), si_addr: 0x0000000000000000

Registers:
RAX=0x000000011b8d5ac8, RBX=0x0000000000000000, RCX=0x0000000000000103, RDX=0x0000010000000100
RSP=0x00007fff5fb06bf0, RBP=0x00007fff5fb06c00, RSI=0x00007fbf73c06440, RDI=0x0000000000000000
R8 =0x0000000000000040, R9 =0x00007fff744051e0, R10=0xffffffffffffffff, R11=0x0000000000000246
R12=0x00007fbf73d586d0, R13=0x00007fbf73e89560, R14=0x00007fbf73e895a0, R15=0x0000000000000000
RIP=0x000000011b8a3561, EFLAGS=0x0000000000010246, ERR=0x0000000000000004
  TRAPNO=0x000000000000000e

Top of Stack: (sp=0x00007fff5fb06bf0)
0x00007fff5fb06bf0:   00007fff5fb06c48 00007fbf73e895a0
0x00007fff5fb06c00:   00007fff5fb06c10 00007fff82fc270c
0x00007fff5fb06c10:   00007fff5fb06c30 00007fff82fc267f
0x00007fff5fb06c20:   0000000000000000 0000000000000000
0x00007fff5fb06c30:   00007fff5fb06ca0 00007fff82fc1d47
0x00007fff5fb06c40:   00007fff832fb7ed 00007fff7347d0a0
0x00007fff5fb06c50:   0000000042000000 00007fff82fc2640
0x00007fff5fb06c60:   00007fff720f4720 00007fbf73e89560
0x00007fff5fb06c70:   00007fbf73d586d0 00007fff5fb07448
0x00007fff5fb06c80:   00007fff72221780 00007fff5fb07448
0x00007fff5fb06c90:   00007fbf73e89560 00007fff832fab0f
0x00007fff5fb06ca0:   00007fff5fb06ce0 00007fff82fc1ab2
0x00007fff5fb06cb0:   00007fff5fb072c0 0000000000000000
0x00007fff5fb06cc0:   00007fff72221780 00007fff5fb07448
0x00007fff5fb06cd0:   00007fff86ceb4c0 00007fff832fab0f
0x00007fff5fb06ce0:   00007fff5fb073f0 00007fff82fbbd42
0x00007fff5fb06cf0:   00007fbf73d3da00 0000000000000002
0x00007fff5fb06d00:   0000000000000000 00007fbf73e1d610
0x00007fff5fb06d10:   00007fbf74007048 00007fbf73e574b0
0x00007fff5fb06d20:   0000000000000000 00007fbf73e89600
0x00007fff5fb06d30:   0000000000000000 0000000000000000
0x00007fff5fb06d40:   00007fff72131bc0 00007fff5fb072c0
0x00007fff5fb06d50:   0000000000000001 0000000000000100
0x00007fff5fb06d60:   0000000000001900 00007fff5fb071c0
0x00007fff5fb06d70:   0000000000000000 0000000000000100
0x00007fff5fb06d80:   4098e40000000000 00007fff72221780
0x00007fff5fb06d90:   0000000000000000 00007fff720f5500
0x00007fff5fb06da0:   00007fff72221780 0000000000000000
0x00007fff5fb06db0:   00007fff720f5500 00007fbf73c57480
0x00007fff5fb06dc0:   00007fbf73d3da00 00007fff8e75ce7f
0x00007fff5fb06dd0:   0000000000156c01 00007fff732bd300
0x00007fff5fb06de0:   0000000000156c00 00000000732bd300 

Instructions: (pc=0x000000011b8a3561)
0x000000011b8a3541:   48 89 e5 41 56 53 48 8d 05 72 26 03 00 48 83 38
0x000000011b8a3551:   00 48 89 fb 75 72 48 8d 05 6a 25 03 00 48 8b 30
0x000000011b8a3561:   48 8b 03 48 8d 15 74 9a 01 00 48 8d 0d 2e 70 01
0x000000011b8a3571:   00 48 89 df ff 90 88 03 00 00 48 8d 0d 3e 26 03 

Register to memory mapping:

RAX=0x000000011b8d5ac8: jScreenClass+0 in /Library/Java/JavaVirtualMachines/jdk1.8.0_51.jdk/Contents/Home/jre/lib/libglass.dylib at 0x000000011b88e000
RBX=0x0000000000000000 is an unknown value
RCX=0x0000000000000103 is an unknown value
RDX=0x0000010000000100 is an unknown value
RSP=0x00007fff5fb06bf0 is an unknown value
RBP=0x00007fff5fb06c00 is an unknown value
RSI=0x00007fbf73c06440 is a global jni handle
RDI=0x0000000000000000 is an unknown value
R8 =0x0000000000000040 is an unknown value
R9 =0x00007fff744051e0: __sFX+0x1c0 in /usr/lib/system/libsystem_c.dylib at 0x00007fff8d009000
R10=0xffffffffffffffff is an unknown value
R11=0x0000000000000246 is an unknown value
R12=0x00007fbf73d586d0 is an unknown value
R13=0x00007fbf73e89560 is an unknown value
R14=0x00007fbf73e895a0 is an unknown value
R15=0x0000000000000000 is an unknown value


Stack: [0x00007fff5f30a000,0x00007fff5fb0a000],  sp=0x00007fff5fb06bf0,  free space=8178k
Native frames: (J=compiled Java code, j=interpreted, Vv=VM code, C=native code)
C  [libglass.dylib+0x15561]  GlassScreenDidChangeScreenParameters+0x21
C  [CoreFoundation+0x12870c]  __CFNOTIFICATIONCENTER_IS_CALLING_OUT_TO_AN_OBSERVER__+0xc
C  [CoreFoundation+0x12867f]  ___CFXRegistrationPost_block_invoke+0x3f
C  [CoreFoundation+0x127d47]  _CFXRegistrationPost+0x197
C  [CoreFoundation+0x127ab2]  ___CFXNotificationPost_block_invoke+0x32
C  [CoreFoundation+0x121d42]  -[_CFXNotificationRegistrar find:object:observer:enumerator:]+0x782
C  [CoreFoundation+0x10145]  _CFXNotificationPost+0x2b5
C  [Foundation+0x7921]  -[NSNotificationCenter postNotificationName:object:userInfo:]+0x42
C  [AppKit+0x3d9ca8]  -[NSApplication _reactToScreenInvalidationImmediately:]+0x17f
C  [AppKit+0x3d9af9]  __44-[NSApplication _reactToScreenInvalidation:]_block_invoke+0x3b
C  [CoreFoundation+0x7e4ac]  __CFRUNLOOP_IS_CALLING_OUT_TO_A_BLOCK__+0xc
C  [CoreFoundation+0x70165]  __CFRunLoopDoBlocks+0x155
C  [CoreFoundation+0x6fecb]  __CFRunLoopRun+0x92b
C  [CoreFoundation+0x6f338]  CFRunLoopRunSpecific+0x128
C  [java+0x6463]  CreateExecutionEnvironment+0x367
C  [java+0x21ac]  JLI_Launch+0x7a0
C  [java+0x84c0]  main+0x65
C  [java+0x1a04]  start+0x34


---------------  P R O C E S S  ---------------

VM state:at safepoint (normal execution)

VM Mutex/Monitor currently owned by a thread:  ([mutex/lock_event])
[0x00007fbf73e10160] Threads_lock - owner thread: 0x00007fbf7584e800

Heap:
 PSYoungGen      total 38400K, used 12446K [0x0000000795580000, 0x0000000798000000, 0x00000007c0000000)
  eden space 33280K, 37% used [0x0000000795580000,0x00000007961a7878,0x0000000797600000)
  from space 5120K, 0% used [0x0000000797b00000,0x0000000797b00000,0x0000000798000000)
  to   space 5120K, 0% used [0x0000000797600000,0x0000000797600000,0x0000000797b00000)
 ParOldGen       total 87552K, used 0K [0x0000000740000000, 0x0000000745580000, 0x0000000795580000)
  object space 87552K, 0% used [0x0000000740000000,0x0000000740000000,0x0000000745580000)
 Metaspace       used 6774K, capacity 7176K, committed 7424K, reserved 1056768K
  class space    used 808K, capacity 901K, committed 1024K, reserved 1048576K

Card table byte_map: [0x0000000110fc0000,0x00000001113c1000] byte_map_base: 0x000000010d5c0000

Marking Bits: (ParMarkBitMap*) 0x0000000100c347a0
 Begin Bits: [0x000000011166c000, 0x000000011366c000)
 End Bits:   [0x000000011366c000, 0x000000011566c000)

Polling page: 0x0000000101322000

CodeCache: size=245760Kb used=2061Kb max_used=2061Kb free=243698Kb
 bounds [0x0000000101c00000, 0x0000000101e70000, 0x0000000110c00000]
 total_blobs=844 nmethods=459 adapters=300
 compilation: enabled

Compilation events (10 events):
Event: 0.824 Thread 0x00007fbf74029000  455       3       java.lang.invoke.MethodType$ConcurrentWeakInternSet::add (66 bytes)
Event: 0.825 Thread 0x00007fbf74029000 nmethod 455 0x0000000101e00610 code [0x0000000101e00840, 0x0000000101e01628]
Event: 0.826 Thread 0x00007fbf74029000  456       1       java.nio.Buffer::limit (5 bytes)
Event: 0.827 Thread 0x00007fbf74029000 nmethod 456 0x0000000101e01c90 code [0x0000000101e01de0, 0x0000000101e01ef0]
Event: 0.827 Thread 0x00007fbf74029000  457       3       java.nio.ByteBuffer::arrayOffset (35 bytes)
Event: 0.830 Thread 0x00007fbf74029000 nmethod 457 0x0000000101e01f50 code [0x0000000101e020e0, 0x0000000101e023f8]
Event: 0.830 Thread 0x00007fbf74029000  458       3       java.nio.Buffer::position (43 bytes)
Event: 0.831 Thread 0x00007fbf74029000 nmethod 458 0x0000000101e02550 code [0x0000000101e026c0, 0x0000000101e02988]
Event: 0.831 Thread 0x00007fbf74029000  459       3       java.nio.CharBuffer::arrayOffset (35 bytes)
Event: 0.831 Thread 0x00007fbf74029000 nmethod 459 0x0000000101e02a50 code [0x0000000101e02be0, 0x0000000101e02ef8]

GC Heap History (0 events):
No events

Deoptimization events (0 events):
No events

Internal exceptions (10 events):
Event: 0.166 Thread 0x00007fbf75001000 Exception <a 'java/security/PrivilegedActionException'> (0x00000007957b2628) thrown at [/Users/java_re/workspace/8-2-build-macosx-x86_64/jdk8u51/3951/hotspot/src/share/vm/prims/jvm.cpp, line 1382]
Event: 0.166 Thread 0x00007fbf75001000 Exception <a 'java/security/PrivilegedActionException'> (0x00000007957b27e0) thrown at [/Users/java_re/workspace/8-2-build-macosx-x86_64/jdk8u51/3951/hotspot/src/share/vm/prims/jvm.cpp, line 1382]
Event: 0.257 Thread 0x00007fbf75001000 Exception <a 'java/lang/NoSuchFieldError': method resolution failed> (0x00000007958c3990) thrown at [/Users/java_re/workspace/8-2-build-macosx-x86_64/jdk8u51/3951/hotspot/src/share/vm/prims/methodHandles.cpp, line 1125]
Event: 0.262 Thread 0x00007fbf75001000 Exception <a 'java/lang/NoSuchFieldError': method resolution failed> (0x00000007958d20d0) thrown at [/Users/java_re/workspace/8-2-build-macosx-x86_64/jdk8u51/3951/hotspot/src/share/vm/prims/methodHandles.cpp, line 1125]
Event: 0.312 Thread 0x00007fbf75001000 Exception <a 'java/security/PrivilegedActionException'> (0x000000079595e520) thrown at [/Users/java_re/workspace/8-2-build-macosx-x86_64/jdk8u51/3951/hotspot/src/share/vm/prims/jvm.cpp, line 1382]
Event: 0.312 Thread 0x00007fbf75001000 Exception <a 'java/security/PrivilegedActionException'> (0x000000079595e6d8) thrown at [/Users/java_re/workspace/8-2-build-macosx-x86_64/jdk8u51/3951/hotspot/src/share/vm/prims/jvm.cpp, line 1382]
Event: 0.312 Thread 0x00007fbf75001000 Exception <a 'java/security/PrivilegedActionException'> (0x00000007959618c8) thrown at [/Users/java_re/workspace/8-2-build-macosx-x86_64/jdk8u51/3951/hotspot/src/share/vm/prims/jvm.cpp, line 1382]
Event: 0.313 Thread 0x00007fbf75001000 Exception <a 'java/security/PrivilegedActionException'> (0x0000000795961a80) thrown at [/Users/java_re/workspace/8-2-build-macosx-x86_64/jdk8u51/3951/hotspot/src/share/vm/prims/jvm.cpp, line 1382]
Event: 0.314 Thread 0x00007fbf75001000 Exception <a 'java/lang/NullPointerException'> (0x00000007959633a0) thrown at [/Users/java_re/workspace/8-2-build-macosx-x86_64/jdk8u51/3951/hotspot/src/share/vm/interpreter/linkResolver.cpp, line 1178]
Event: 0.825 Thread 0x00007fbf75001000 Exception <a 'java/lang/reflect/InvocationTargetException'> (0x0000000795c43038) thrown at [/Users/java_re/workspace/8-2-build-macosx-x86_64/jdk8u51/3951/hotspot/src/share/vm/runtime/reflection.cpp, line 1080]

Events (10 events):
Event: 0.839 loading class java/util/Formatter$Flags done
Event: 0.839 loading class java/util/Formatter$Conversion
Event: 0.840 loading class java/util/Formatter$Conversion done
Event: 0.840 loading class java/util/Formattable
Event: 0.840 loading class java/util/Formattable done
Event: 0.840 loading class java/util/IdentityHashMap$KeyIterator
Event: 0.840 loading class java/util/IdentityHashMap$IdentityHashMapIterator
Event: 0.841 loading class java/util/IdentityHashMap$IdentityHashMapIterator done
Event: 0.841 loading class java/util/IdentityHashMap$KeyIterator done
Event: 0.841 Executing VM operation: Exit


Dynamic libraries:
0x0000000001f4a000 	/System/Library/Frameworks/Cocoa.framework/Versions/A/Cocoa
0x0000000001f4a000 	/System/Library/Frameworks/Security.framework/Versions/A/Security
0x0000000001f4a000 	/System/Library/Frameworks/ApplicationServices.framework/Versions/A/ApplicationServices
0x0000000001f4a000 	/usr/lib/libz.1.dylib
0x0000000001f4a000 	/usr/lib/libSystem.B.dylib
0x0000000001f4a000 	/usr/lib/libobjc.A.dylib
0x0000000001f4a000 	/System/Library/Frameworks/CoreFoundation.framework/Versions/A/CoreFoundation
0x0000000001f4a000 	/System/Library/Frameworks/Foundation.framework/Versions/C/Foundation
0x0000000001f4a000 	/System/Library/Frameworks/AppKit.framework/Versions/C/AppKit
0x0000000001f4a000 	/System/Library/Frameworks/CoreData.framework/Versions/A/CoreData
0x0000000001f4a000 	/System/Library/PrivateFrameworks/RemoteViewServices.framework/Versions/A/RemoteViewServices
0x0000000001f4a000 	/System/Library/PrivateFrameworks/UIFoundation.framework/Versions/A/UIFoundation
0x0000000001f4a000 	/usr/lib/libScreenReader.dylib
0x0000000001f4a000 	/System/Library/Frameworks/Accelerate.framework/Versions/A/Accelerate
0x0000000001f4a000 	/System/Library/Frameworks/IOSurface.framework/Versions/A/IOSurface
0x0000000001f4a000 	/System/Library/Frameworks/AudioToolbox.framework/Versions/A/AudioToolbox
0x0000000001f4a000 	/System/Library/Frameworks/AudioUnit.framework/Versions/A/AudioUnit
0x0000000001f4a000 	/System/Library/PrivateFrameworks/DataDetectorsCore.framework/Versions/A/DataDetectorsCore
0x0000000001f4a000 	/System/Library/PrivateFrameworks/DesktopServicesPriv.framework/Versions/A/DesktopServicesPriv
0x0000000001f4a000 	/System/Library/Frameworks/Carbon.framework/Versions/A/Frameworks/HIToolbox.framework/Versions/A/HIToolbox
0x0000000001f4a000 	/System/Library/Frameworks/QuartzCore.framework/Versions/A/QuartzCore
0x0000000001f4a000 	/System/Library/Frameworks/Carbon.framework/Versions/A/Frameworks/SpeechRecognition.framework/Versions/A/SpeechRecognition
0x0000000001f4a000 	/usr/lib/libauto.dylib
0x0000000001f4a000 	/usr/lib/libicucore.A.dylib
0x0000000001f4a000 	/usr/lib/libxml2.2.dylib
0x0000000001f4a000 	/System/Library/PrivateFrameworks/CoreUI.framework/Versions/A/CoreUI
0x0000000001f4a000 	/System/Library/Frameworks/CoreAudio.framework/Versions/A/CoreAudio
0x0000000001f4a000 	/System/Library/Frameworks/DiskArbitration.framework/Versions/A/DiskArbitration
0x0000000001f4a000 	/usr/lib/liblangid.dylib
0x0000000001f4a000 	/System/Library/PrivateFrameworks/MultitouchSupport.framework/Versions/A/MultitouchSupport
0x0000000001f4a000 	/System/Library/Frameworks/IOKit.framework/Versions/A/IOKit
0x0000000001f4a000 	/usr/lib/libDiagnosticMessagesClient.dylib
0x0000000001f4a000 	/System/Library/Frameworks/CoreServices.framework/Versions/A/CoreServices
0x0000000001f4a000 	/System/Library/PrivateFrameworks/PerformanceAnalysis.framework/Versions/A/PerformanceAnalysis
0x0000000001f4a000 	/System/Library/PrivateFrameworks/GenerationalStorage.framework/Versions/A/GenerationalStorage
0x0000000001f4a000 	/System/Library/Frameworks/OpenGL.framework/Versions/A/OpenGL
0x0000000001f4a000 	/System/Library/PrivateFrameworks/Sharing.framework/Versions/A/Sharing
0x0000000001f4a000 	/System/Library/Frameworks/CoreGraphics.framework/Versions/A/CoreGraphics
0x0000000001f4a000 	/System/Library/Frameworks/CoreImage.framework/Versions/A/CoreImage
0x0000000001f4a000 	/System/Library/Frameworks/CoreText.framework/Versions/A/CoreText
0x0000000001f4a000 	/System/Library/Frameworks/ImageIO.framework/Versions/A/ImageIO
0x0000000001f4a000 	/System/Library/PrivateFrameworks/Backup.framework/Versions/A/Backup
0x0000000001f4a000 	/usr/lib/libextension.dylib
0x0000000001f4a000 	/usr/lib/libarchive.2.dylib
0x0000000001f4a000 	/System/Library/Frameworks/CFNetwork.framework/Versions/A/CFNetwork
0x0000000001f4a000 	/System/Library/Frameworks/SystemConfiguration.framework/Versions/A/SystemConfiguration
0x0000000001f4a000 	/usr/lib/libCRFSuite.dylib
0x0000000001f4a000 	/usr/lib/libc++.1.dylib
0x0000000001f4a000 	/usr/lib/libc++abi.dylib
0x0000000001f4a000 	/usr/lib/system/libcache.dylib
0x0000000001f4a000 	/usr/lib/system/libcommonCrypto.dylib
0x0000000001f4a000 	/usr/lib/system/libcompiler_rt.dylib
0x0000000001f4a000 	/usr/lib/system/libcopyfile.dylib
0x0000000001f4a000 	/usr/lib/system/libcorecrypto.dylib
0x0000000001f4a000 	/usr/lib/system/libdispatch.dylib
0x0000000001f4a000 	/usr/lib/system/libdyld.dylib
0x0000000001f4a000 	/usr/lib/system/libkeymgr.dylib
0x0000000001f4a000 	/usr/lib/system/liblaunch.dylib
0x0000000001f4a000 	/usr/lib/system/libmacho.dylib
0x0000000001f4a000 	/usr/lib/system/libquarantine.dylib
0x0000000001f4a000 	/usr/lib/system/libremovefile.dylib
0x0000000001f4a000 	/usr/lib/system/libsystem_asl.dylib
0x0000000001f4a000 	/usr/lib/system/libsystem_blocks.dylib
0x0000000001f4a000 	/usr/lib/system/libsystem_c.dylib
0x0000000001f4a000 	/usr/lib/system/libsystem_configuration.dylib
0x0000000001f4a000 	/usr/lib/system/libsystem_coreservices.dylib
0x0000000001f4a000 	/usr/lib/system/libsystem_coretls.dylib
0x0000000001f4a000 	/usr/lib/system/libsystem_dnssd.dylib
0x0000000001f4a000 	/usr/lib/system/libsystem_info.dylib
0x0000000001f4a000 	/usr/lib/system/libsystem_kernel.dylib
0x0000000001f4a000 	/usr/lib/system/libsystem_m.dylib
0x0000000001f4a000 	/usr/lib/system/libsystem_malloc.dylib
0x0000000001f4a000 	/usr/lib/system/libsystem_network.dylib
0x0000000001f4a000 	/usr/lib/system/libsystem_networkextension.dylib
0x0000000001f4a000 	/usr/lib/system/libsystem_notify.dylib
0x0000000001f4a000 	/usr/lib/system/libsystem_platform.dylib
0x0000000001f4a000 	/usr/lib/system/libsystem_pthread.dylib
0x0000000001f4a000 	/usr/lib/system/libsystem_sandbox.dylib
0x0000000001f4a000 	/usr/lib/system/libsystem_secinit.dylib
0x0000000001f4a000 	/usr/lib/system/libsystem_trace.dylib
0x0000000001f4a000 	/usr/lib/system/libunc.dylib
0x0000000001f4a000 	/usr/lib/system/libunwind.dylib
0x0000000001f4a000 	/usr/lib/system/libxpc.dylib
0x0000000001f4a000 	/usr/lib/libenergytrace.dylib
0x0000000001f4a000 	/usr/lib/libbsm.0.dylib
0x0000000001f4a000 	/usr/lib/system/libkxld.dylib
0x0000000001f4a000 	/usr/lib/libxar.1.dylib
0x0000000001f4a000 	/usr/lib/libsqlite3.dylib
0x0000000001f4a000 	/usr/lib/libpam.2.dylib
0x0000000001f4a000 	/usr/lib/libOpenScriptingUtil.dylib
0x0000000001f4a000 	/usr/lib/libbz2.1.0.dylib
0x0000000001f4a000 	/usr/lib/liblzma.5.dylib
0x0000000001f4a000 	/System/Library/Frameworks/CoreServices.framework/Versions/A/Frameworks/FSEvents.framework/Versions/A/FSEvents
0x0000000001f4a000 	/System/Library/Frameworks/CoreServices.framework/Versions/A/Frameworks/CarbonCore.framework/Versions/A/CarbonCore
0x0000000001f4a000 	/System/Library/Frameworks/CoreServices.framework/Versions/A/Frameworks/Metadata.framework/Versions/A/Metadata
0x0000000001f4a000 	/System/Library/Frameworks/CoreServices.framework/Versions/A/Frameworks/OSServices.framework/Versions/A/OSServices
0x0000000001f4a000 	/System/Library/Frameworks/CoreServices.framework/Versions/A/Frameworks/SearchKit.framework/Versions/A/SearchKit
0x0000000001f4a000 	/System/Library/Frameworks/CoreServices.framework/Versions/A/Frameworks/AE.framework/Versions/A/AE
0x0000000001f4a000 	/System/Library/Frameworks/CoreServices.framework/Versions/A/Frameworks/LaunchServices.framework/Versions/A/LaunchServices
0x0000000001f4a000 	/System/Library/Frameworks/CoreServices.framework/Versions/A/Frameworks/DictionaryServices.framework/Versions/A/DictionaryServices
0x0000000001f4a000 	/System/Library/Frameworks/CoreServices.framework/Versions/A/Frameworks/SharedFileList.framework/Versions/A/SharedFileList
0x0000000001f4a000 	/System/Library/Frameworks/NetFS.framework/Versions/A/NetFS
0x0000000001f4a000 	/System/Library/PrivateFrameworks/NetAuth.framework/Versions/A/NetAuth
0x0000000001f4a000 	/System/Library/PrivateFrameworks/login.framework/Versions/A/Frameworks/loginsupport.framework/Versions/A/loginsupport
0x0000000001f4a000 	/System/Library/PrivateFrameworks/TCC.framework/Versions/A/TCC
0x0000000001f4a000 	/usr/lib/libmecabra.dylib
0x0000000001f4a000 	/System/Library/Frameworks/ApplicationServices.framework/Versions/A/Frameworks/ATS.framework/Versions/A/ATS
0x0000000001f4a000 	/System/Library/Frameworks/ApplicationServices.framework/Versions/A/Frameworks/ColorSync.framework/Versions/A/ColorSync
0x0000000001f4a000 	/System/Library/Frameworks/ApplicationServices.framework/Versions/A/Frameworks/HIServices.framework/Versions/A/HIServices
0x0000000001f4a000 	/System/Library/Frameworks/ApplicationServices.framework/Versions/A/Frameworks/LangAnalysis.framework/Versions/A/LangAnalysis
0x0000000001f4a000 	/System/Library/Frameworks/ApplicationServices.framework/Versions/A/Frameworks/PrintCore.framework/Versions/A/PrintCore
0x0000000001f4a000 	/System/Library/Frameworks/ApplicationServices.framework/Versions/A/Frameworks/QD.framework/Versions/A/QD
0x0000000001f4a000 	/System/Library/Frameworks/ApplicationServices.framework/Versions/A/Frameworks/SpeechSynthesis.framework/Versions/A/SpeechSynthesis
0x0000000001f4a000 	/System/Library/Frameworks/Metal.framework/Versions/A/Metal
0x0000000001f4a000 	/System/Library/Frameworks/Accelerate.framework/Versions/A/Frameworks/vImage.framework/Versions/A/vImage
0x0000000001f4a000 	/System/Library/Frameworks/Accelerate.framework/Versions/A/Frameworks/vecLib.framework/Versions/A/vecLib
0x0000000001f4a000 	/System/Library/Frameworks/Accelerate.framework/Versions/A/Frameworks/vecLib.framework/Versions/A/libvDSP.dylib
0x0000000001f4a000 	/System/Library/Frameworks/Accelerate.framework/Versions/A/Frameworks/vecLib.framework/Versions/A/libvMisc.dylib
0x0000000001f4a000 	/System/Library/Frameworks/Accelerate.framework/Versions/A/Frameworks/vecLib.framework/Versions/A/libLAPACK.dylib
0x0000000001f4a000 	/System/Library/Frameworks/Accelerate.framework/Versions/A/Frameworks/vecLib.framework/Versions/A/libBLAS.dylib
0x0000000001f4a000 	/System/Library/Frameworks/Accelerate.framework/Versions/A/Frameworks/vecLib.framework/Versions/A/libLinearAlgebra.dylib
0x0000000001f4a000 	/System/Library/Frameworks/Accelerate.framework/Versions/A/Frameworks/vecLib.framework/Versions/A/libSparseBLAS.dylib
0x0000000001f4a000 	/System/Library/PrivateFrameworks/GPUCompiler.framework/libmetal_timestamp.dylib
0x0000000001f4a000 	/System/Library/Frameworks/OpenGL.framework/Versions/A/Libraries/libCoreFSCache.dylib
0x0000000001f4a000 	/System/Library/PrivateFrameworks/IOAccelerator.framework/Versions/A/IOAccelerator
0x0000000001f4a000 	/System/Library/Frameworks/ApplicationServices.framework/Versions/A/Frameworks/ATS.framework/Versions/A/Resources/libFontParser.dylib
0x0000000001f4a000 	/System/Library/Frameworks/ApplicationServices.framework/Versions/A/Frameworks/ATS.framework/Versions/A/Resources/libFontRegistry.dylib
0x0000000001f4a000 	/System/Library/PrivateFrameworks/AppleVPA.framework/Versions/A/AppleVPA
0x0000000001f4a000 	/System/Library/PrivateFrameworks/AppleJPEG.framework/Versions/A/AppleJPEG
0x0000000001f4a000 	/System/Library/Frameworks/ImageIO.framework/Versions/A/Resources/libJPEG.dylib
0x0000000001f4a000 	/System/Library/Frameworks/ImageIO.framework/Versions/A/Resources/libTIFF.dylib
0x0000000001f4a000 	/System/Library/Frameworks/ImageIO.framework/Versions/A/Resources/libPng.dylib
0x0000000001f4a000 	/System/Library/Frameworks/ImageIO.framework/Versions/A/Resources/libGIF.dylib
0x0000000001f4a000 	/System/Library/Frameworks/ImageIO.framework/Versions/A/Resources/libJP2.dylib
0x0000000001f4a000 	/System/Library/Frameworks/ImageIO.framework/Versions/A/Resources/libRadiance.dylib
0x0000000001f4a000 	/System/Library/Frameworks/CoreVideo.framework/Versions/A/CoreVideo
0x0000000001f4a000 	/System/Library/Frameworks/OpenGL.framework/Versions/A/Libraries/libGLU.dylib
0x0000000001f4a000 	/System/Library/Frameworks/OpenGL.framework/Versions/A/Libraries/libGFXShared.dylib
0x0000000001f4a000 	/System/Library/Frameworks/OpenGL.framework/Versions/A/Libraries/libGL.dylib
0x0000000001f4a000 	/System/Library/Frameworks/OpenGL.framework/Versions/A/Libraries/libGLImage.dylib
0x0000000001f4a000 	/System/Library/Frameworks/OpenGL.framework/Versions/A/Libraries/libCVMSPluginSupport.dylib
0x0000000001f4a000 	/System/Library/Frameworks/OpenGL.framework/Versions/A/Libraries/libCoreVMClient.dylib
0x0000000001f4a000 	/usr/lib/libcups.2.dylib
0x0000000001f4a000 	/System/Library/Frameworks/Kerberos.framework/Versions/A/Kerberos
0x0000000001f4a000 	/System/Library/Frameworks/GSS.framework/Versions/A/GSS
0x0000000001f4a000 	/usr/lib/libresolv.9.dylib
0x0000000001f4a000 	/usr/lib/libiconv.2.dylib
0x0000000001f4a000 	/System/Library/PrivateFrameworks/Heimdal.framework/Versions/A/Heimdal
0x0000000001f4a000 	/usr/lib/libheimdal-asn1.dylib
0x0000000001f4a000 	/System/Library/Frameworks/OpenDirectory.framework/Versions/A/OpenDirectory
0x0000000001f4a000 	/System/Library/PrivateFrameworks/CommonAuth.framework/Versions/A/CommonAuth
0x0000000001f4a000 	/System/Library/Frameworks/OpenDirectory.framework/Versions/A/Frameworks/CFOpenDirectory.framework/Versions/A/CFOpenDirectory
0x0000000001f4a000 	/System/Library/Frameworks/SecurityFoundation.framework/Versions/A/SecurityFoundation
0x0000000001f4a000 	/System/Library/PrivateFrameworks/LanguageModeling.framework/Versions/A/LanguageModeling
0x0000000001f4a000 	/usr/lib/libmarisa.dylib
0x0000000001f4a000 	/usr/lib/libChineseTokenizer.dylib
0x0000000001f4a000 	/usr/lib/libcmph.dylib
0x0000000001f4a000 	/usr/lib/libcompression.dylib
0x0000000001f4a000 	/System/Library/Frameworks/ServiceManagement.framework/Versions/A/ServiceManagement
0x0000000001f4a000 	/usr/lib/libxslt.1.dylib
0x0000000001f4a000 	/System/Library/Frameworks/Carbon.framework/Versions/A/Frameworks/Ink.framework/Versions/A/Ink
0x0000000001f4a000 	/usr/lib/libFosl_dynamic.dylib
0x0000000001f4a000 	/System/Library/PrivateFrameworks/FaceCore.framework/Versions/A/FaceCore
0x0000000001f4a000 	/System/Library/Frameworks/OpenCL.framework/Versions/A/OpenCL
0x0000000001f4a000 	/System/Library/PrivateFrameworks/CrashReporterSupport.framework/Versions/A/CrashReporterSupport
0x0000000001f4a000 	/System/Library/PrivateFrameworks/IconServices.framework/Versions/A/IconServices
0x0000000001f4a000 	/System/Library/PrivateFrameworks/Apple80211.framework/Versions/A/Apple80211
0x0000000001f4a000 	/System/Library/Frameworks/CoreWLAN.framework/Versions/A/CoreWLAN
0x0000000001f4a000 	/System/Library/Frameworks/IOBluetooth.framework/Versions/A/IOBluetooth
0x0000000001f4a000 	/System/Library/PrivateFrameworks/CoreWiFi.framework/Versions/A/CoreWiFi
0x0000000001f4a000 	/System/Library/Frameworks/CoreBluetooth.framework/Versions/A/CoreBluetooth
0x0000000001f4a000 	/System/Library/PrivateFrameworks/ChunkingLibrary.framework/Versions/A/ChunkingLibrary
0x0000000001f4a000 	/System/Library/PrivateFrameworks/DebugSymbols.framework/Versions/A/DebugSymbols
0x0000000001f4a000 	/System/Library/PrivateFrameworks/CoreSymbolication.framework/Versions/A/CoreSymbolication
0x0000000001f4a000 	/System/Library/PrivateFrameworks/Symbolication.framework/Versions/A/Symbolication
0x0000000001f4a000 	/System/Library/PrivateFrameworks/SpeechRecognitionCore.framework/Versions/A/SpeechRecognitionCore
0x0000000100372000 	/Library/Java/JavaVirtualMachines/jdk1.8.0_51.jdk/Contents/Home/jre/lib/server/libjvm.dylib
0x0000000001f4a000 	/usr/lib/libstdc++.6.dylib
0x00000001012df000 	/Library/Java/JavaVirtualMachines/jdk1.8.0_51.jdk/Contents/Home/jre/lib/libverify.dylib
0x00000001012ed000 	/Library/Java/JavaVirtualMachines/jdk1.8.0_51.jdk/Contents/Home/jre/lib/libjava.dylib
0x000000010132c000 	/Library/Java/JavaVirtualMachines/jdk1.8.0_51.jdk/Contents/Home/jre/lib/libzip.dylib
0x00000001013e1000 	/System/Library/Frameworks/JavaVM.framework/Frameworks/JavaRuntimeSupport.framework/JavaRuntimeSupport
0x00000001174b8000 	/System/Library/Frameworks/JavaVM.framework/Versions/A/Frameworks/JavaNativeFoundation.framework/Versions/A/JavaNativeFoundation
0x00000001174cd000 	/System/Library/Frameworks/JavaVM.framework/Versions/A/JavaVM
0x0000000001f4a000 	/System/Library/Frameworks/Carbon.framework/Versions/A/Carbon
0x00000001174da000 	/System/Library/PrivateFrameworks/JavaLaunching.framework/Versions/A/JavaLaunching
0x0000000001f4a000 	/System/Library/Frameworks/Carbon.framework/Versions/A/Frameworks/CommonPanels.framework/Versions/A/CommonPanels
0x0000000001f4a000 	/System/Library/Frameworks/Carbon.framework/Versions/A/Frameworks/Help.framework/Versions/A/Help
0x0000000001f4a000 	/System/Library/Frameworks/Carbon.framework/Versions/A/Frameworks/ImageCapture.framework/Versions/A/ImageCapture
0x0000000001f4a000 	/System/Library/Frameworks/Carbon.framework/Versions/A/Frameworks/OpenScripting.framework/Versions/A/OpenScripting
0x0000000001f4a000 	/System/Library/Frameworks/Carbon.framework/Versions/A/Frameworks/Print.framework/Versions/A/Print
0x0000000001f4a000 	/System/Library/Frameworks/Carbon.framework/Versions/A/Frameworks/SecurityHI.framework/Versions/A/SecurityHI
0x0000000118ec9000 	/Library/Java/JavaVirtualMachines/jdk1.8.0_51.jdk/Contents/Home/jre/lib/libprism_es2.dylib
0x0000000001f4a000 	/System/Library/Frameworks/OpenGL.framework/Versions/A/Resources/GLEngine.bundle/GLEngine
0x0000000001f4a000 	/System/Library/Frameworks/OpenGL.framework/Versions/A/Libraries/libGLProgrammability.dylib
0x0000000118f4b000 	/System/Library/Extensions/AppleIntelHDGraphicsGLDriver.bundle/Contents/MacOS/AppleIntelHDGraphicsGLDriver
0x0000000001f4a000 	/System/Library/PrivateFrameworks/GPUSupport.framework/Versions/A/Libraries/libGPUSupport.dylib
0x00000001193d9000 	/System/Library/Extensions/GeForceTeslaGLDriver.bundle/Contents/MacOS/GeForceTeslaGLDriver
0x000000011af99000 	/System/Library/Extensions/GeForceTeslaGLDriver.bundle/Contents/MacOS/libclh.dylib
0x0000000001f4a000 	/System/Library/Frameworks/OpenGL.framework/Versions/A/Resources/GLRendererFloat.bundle/GLRendererFloat
0x0000000001f4a000 	/System/Library/Frameworks/OpenCL.framework/Versions/A/Libraries/libcldcpuengine.dylib
0x0000000001f4a000 	/System/Library/PrivateFrameworks/DiskImages.framework/Versions/A/DiskImages
0x0000000001f4a000 	/System/Library/Frameworks/DiscRecording.framework/Versions/A/DiscRecording
0x0000000001f4a000 	/usr/lib/libcsfde.dylib
0x0000000001f4a000 	/usr/lib/libcurl.4.dylib
0x0000000001f4a000 	/System/Library/PrivateFrameworks/MediaKit.framework/Versions/A/MediaKit
0x0000000001f4a000 	/System/Library/PrivateFrameworks/ProtectedCloudStorage.framework/Versions/A/ProtectedCloudStorage
0x0000000001f4a000 	/usr/lib/libCoreStorage.dylib
0x0000000001f4a000 	/System/Library/PrivateFrameworks/EFILogin.framework/Versions/A/EFILogin
0x0000000001f4a000 	/usr/lib/libutil.dylib
0x0000000001f4a000 	/System/Library/PrivateFrameworks/FindMyDevice.framework/Versions/A/FindMyDevice
0x0000000001f4a000 	/System/Library/Frameworks/LDAP.framework/Versions/A/LDAP
0x0000000001f4a000 	/usr/lib/libsasl2.2.dylib
0x0000000001f4a000 	/System/Library/PrivateFrameworks/CoreDaemon.framework/Versions/B/CoreDaemon
0x0000000001f4a000 	/usr/lib/libcrypto.0.9.8.dylib
0x0000000001f4a000 	/System/Library/PrivateFrameworks/AppleSRP.framework/Versions/A/AppleSRP
0x0000000001f4a000 	/System/Library/PrivateFrameworks/TrustEvaluationAgent.framework/Versions/A/TrustEvaluationAgent
0x000000011b88e000 	/Library/Java/JavaVirtualMachines/jdk1.8.0_51.jdk/Contents/Home/jre/lib/libglass.dylib
0x0000000001f4a000 	/System/Library/PrivateFrameworks/CoreServicesInternal.framework/Versions/A/CoreServicesInternal
0x0000000001f4a000 	/System/Library/CoreServices/RawCamera.bundle/Contents/MacOS/RawCamera
0x0000000001f4a000 	/System/Library/Frameworks/CoreGraphics.framework/Versions/A/Resources/libRIP.A.dylib
0x0000000001f4a000 	/System/Library/Frameworks/Accelerate.framework/Versions/A/Frameworks/vImage.framework/Versions/A/Libraries/libCGInterfaces.dylib
0x0000000001f4a000 	/System/Library/PrivateFrameworks/FamilyControls.framework/Versions/A/FamilyControls
0x0000000001f4a000 	/System/Library/PrivateFrameworks/CommerceKit.framework/Versions/A/Frameworks/CommerceCore.framework/Versions/A/CommerceCore
0x0000000001f4a000 	/System/Library/PrivateFrameworks/SystemAdministration.framework/Versions/A/SystemAdministration
0x0000000001f4a000 	/System/Library/PrivateFrameworks/AppContainer.framework/Versions/A/AppContainer
0x0000000001f4a000 	/System/Library/PrivateFrameworks/SecCodeWrapper.framework/Versions/A/SecCodeWrapper
0x0000000001f4a000 	/System/Library/Frameworks/DirectoryService.framework/Versions/A/DirectoryService
0x0000000001f4a000 	/System/Library/PrivateFrameworks/LoginUIKit.framework/Versions/A/Frameworks/LoginUICore.framework/Versions/A/LoginUICore
0x0000000001f4a000 	/usr/lib/libodfde.dylib

VM Arguments:
jvm_args: -Dfile.encoding=UTF-8 
java_command: CupcakeMain
java_class_path (initial): /Users/Jawan/Documents/workspace1/SoftwareDevProject/bin
Launcher Type: SUN_STANDARD

Environment Variables:
PATH=/usr/bin:/bin:/usr/sbin:/sbin
SHELL=/bin/bash
DISPLAY=/private/tmp/com.apple.launchd.q2yUJ60F3r/org.macosforge.xquartz:0

Signal Handlers:
SIGSEGV: [libjvm.dylib+0x58ef35], sa_mask[0]=11111111011111110111111111111111, sa_flags=SA_ONSTACK|SA_RESTART|SA_SIGINFO
SIGBUS: [libjvm.dylib+0x58ef35], sa_mask[0]=11111111011111110111111111111111, sa_flags=SA_RESTART|SA_SIGINFO
SIGFPE: [libjvm.dylib+0x46c028], sa_mask[0]=11111111011111110111111111111111, sa_flags=SA_RESTART|SA_SIGINFO
SIGPIPE: [libjvm.dylib+0x46c028], sa_mask[0]=11111111011111110111111111111111, sa_flags=SA_RESTART|SA_SIGINFO
SIGXFSZ: [libjvm.dylib+0x46c028], sa_mask[0]=11111111011111110111111111111111, sa_flags=SA_RESTART|SA_SIGINFO
SIGILL: [libjvm.dylib+0x46c028], sa_mask[0]=11111111011111110111111111111111, sa_flags=SA_RESTART|SA_SIGINFO
SIGUSR1: SIG_DFL, sa_mask[0]=00000000000000000000000000000000, sa_flags=none
SIGUSR2: [libjvm.dylib+0x46bb46], sa_mask[0]=00100000000000000000000000000000, sa_flags=SA_RESTART|SA_SIGINFO
SIGHUP: [libjvm.dylib+0x46a119], sa_mask[0]=11111111011111110111111111111111, sa_flags=SA_RESTART|SA_SIGINFO
SIGINT: [libjvm.dylib+0x46a119], sa_mask[0]=11111111011111110111111111111111, sa_flags=SA_RESTART|SA_SIGINFO
SIGTERM: [libjvm.dylib+0x46a119], sa_mask[0]=11111111011111110111111111111111, sa_flags=SA_RESTART|SA_SIGINFO
SIGQUIT: [libjvm.dylib+0x46a119], sa_mask[0]=11111111011111110111111111111111, sa_flags=SA_RESTART|SA_SIGINFO


---------------  S Y S T E M  ---------------

OS:Bsduname:Darwin 15.3.0 Darwin Kernel Version 15.3.0: Thu Dec 10 18:40:58 PST 2015; root:xnu-3248.30.4~1/RELEASE_X86_64 x86_64
rlimit: STACK 8192k, CORE 0k, NPROC 709, NOFILE 10240, AS infinity
load average:3.43 3.59 3.54

CPU:total 4 (2 cores per cpu, 2 threads per core) family 6 model 37 stepping 5, cmov, cx8, fxsr, mmx, sse, sse2, sse3, ssse3, sse4.1, sse4.2, popcnt, aes, clmul, ht, tsc, tscinvbit

Memory: 4k page, physical 8388608k(685104k free)

/proc/meminfo:


vm_info: Java HotSpot(TM) 64-Bit Server VM (25.51-b03) for bsd-amd64 JRE (1.8.0_51-b16), built on Jun  8 2015 18:01:11 by "java_re" with gcc 4.2.1 (Based on Apple Inc. build 5658) (LLVM build 2336.11.00)

time: Tue May 24 20:32:48 2016
elapsed time: 0 seconds (0d 0h 0m 0s)

